0 info it worked if it ends with ok
1 verbose cli [ '/usr/local/bin/node',
1 verbose cli   '/Users/anibalajt/git/algo-esta-pasando/node_modules/.bin/npm',
1 verbose cli   'run',
1 verbose cli   'serv',
1 verbose cli   '.' ]
2 info using npm@3.10.7
3 info using node@v6.2.1
4 verbose run-script [ 'preserv', 'serv', 'postserv' ]
5 info lifecycle algo@1.0.0~preserv: algo@1.0.0
6 silly lifecycle algo@1.0.0~preserv: no script for preserv, continuing
7 info lifecycle algo@1.0.0~serv: algo@1.0.0
8 verbose lifecycle algo@1.0.0~serv: unsafe-perm in lifecycle true
9 verbose lifecycle algo@1.0.0~serv: PATH: /Users/anibalajt/git/algo-esta-pasando/node_modules/npm/bin/node-gyp-bin:/Users/anibalajt/git/algo-esta-pasando/node_modules/.bin:/Users/anibalajt/git/algo-esta-pasando/node_modules/npm/bin/node-gyp-bin:/Users/anibalajt/git/algo-esta-pasando/node_modules/.bin:/usr/local/lib/node_modules/npm/bin/node-gyp-bin:/Users/anibalajt/git/algo-esta-pasando/node_modules/.bin:/usr/local/bin:/Users/anibalajt/.rvm/gems/ruby-2.0.0-p643/bin:/Users/anibalajt/.rvm/gems/ruby-2.0.0-p643@global/bin:/Users/anibalajt/.rvm/rubies/ruby-2.0.0-p643/bin:/Library/Frameworks/Python.framework/Versions/3.5/bin:/usr/bin:/bin:/usr/sbin:/sbin:/usr/local/bin:/Users/anibalajt/.rvm/bin
10 verbose lifecycle algo@1.0.0~serv: CWD: /Users/anibalajt/git/algo-esta-pasando
11 silly lifecycle algo@1.0.0~serv: Args: [ '-c', 'babel-node server.js "."' ]
12 silly lifecycle algo@1.0.0~serv: Returned: code: 1  signal: null
13 info lifecycle algo@1.0.0~serv: Failed to exec serv script
14 verbose stack Error: algo@1.0.0 serv: `babel-node server.js "."`
14 verbose stack Exit status 1
14 verbose stack     at EventEmitter.<anonymous> (/Users/anibalajt/git/algo-esta-pasando/node_modules/npm/lib/utils/lifecycle.js:255:16)
14 verbose stack     at emitTwo (events.js:106:13)
14 verbose stack     at EventEmitter.emit (events.js:191:7)
14 verbose stack     at ChildProcess.<anonymous> (/Users/anibalajt/git/algo-esta-pasando/node_modules/npm/lib/utils/spawn.js:40:14)
14 verbose stack     at emitTwo (events.js:106:13)
14 verbose stack     at ChildProcess.emit (events.js:191:7)
14 verbose stack     at maybeClose (internal/child_process.js:852:16)
14 verbose stack     at Process.ChildProcess._handle.onexit (internal/child_process.js:215:5)
15 verbose pkgid algo@1.0.0
16 verbose cwd /Users/anibalajt/git/algo-esta-pasando
17 error Darwin 16.0.0
18 error argv "/usr/local/bin/node" "/Users/anibalajt/git/algo-esta-pasando/node_modules/.bin/npm" "run" "serv" "."
19 error node v6.2.1
20 error npm  v3.10.7
21 error code ELIFECYCLE
22 error algo@1.0.0 serv: `babel-node server.js "."`
22 error Exit status 1
23 error Failed at the algo@1.0.0 serv script 'babel-node server.js "."'.
23 error Make sure you have the latest version of node.js and npm installed.
23 error If you do, this is most likely a problem with the algo package,
23 error not with npm itself.
23 error Tell the author that this fails on your system:
23 error     babel-node server.js "."
23 error You can get information on how to open an issue for this project with:
23 error     npm bugs algo
23 error Or if that isn't available, you can get their info via:
23 error     npm owner ls algo
23 error There is likely additional logging output above.
24 verbose exit [ 1, true ]
